<?xml version="1.0" encoding="UTF-8"?>
<!-- Generated by org.testng.reporters.JUnitXMLReporter -->
<testsuite hostname="VISHAL-HP" ignored="0" name="Test" tests="3" failures="0" timestamp="16 Sep 2018 07:07:20 GMT" time="151.791" errors="0">
  <testcase name="testValidLogin" time="12.609" classname="scripts.TestValidLogin"/>
  <testcase name="testInValidLogin" time="67.841" classname="scripts.TestInValidLogin"/>
  <testcase name="testProductVersion" time="32.616" classname="scripts.VerifyProductVersion"/>
</testsuite> <!-- Test -->
