<?xml version="1.0" encoding="UTF-8"?>
<!-- Generated by org.testng.reporters.JUnitXMLReporter -->
<testsuite hostname="VISHAL-HP" ignored="0" name="Test" tests="3" failures="0" timestamp="01 Apr 2018 06:11:58 GMT" time="105.717" errors="0">
  <testcase name="testValidLogin" time="2.256" classname="scripts.TestValidLogin"/>
  <testcase name="testInValidLogin" time="32.968" classname="scripts.TestInValidLogin"/>
  <testcase name="testProductVersion" time="22.323" classname="scripts.VerifyProductVersion"/>
</testsuite> <!-- Test -->
