<?xml version="1.0" encoding="UTF-8"?>
<!-- Generated by org.testng.reporters.JUnitXMLReporter -->
<testsuite hostname="VISHAL-HP" ignored="0" name="Test" tests="3" failures="0" timestamp="19 Sep 2018 07:49:39 GMT" time="163.406" errors="0">
  <testcase name="testValidLogin" time="14.517" classname="scripts.TestValidLogin"/>
  <testcase name="testInValidLogin" time="65.831" classname="scripts.TestInValidLogin"/>
  <testcase name="testProductVersion" time="29.777" classname="scripts.VerifyProductVersion"/>
</testsuite> <!-- Test -->
