<?xml version="1.0" encoding="UTF-8"?>
<!-- Generated by org.testng.reporters.JUnitXMLReporter -->
<testsuite hostname="VISHAL-HP" ignored="0" name="Test" tests="3" failures="0" timestamp="18 Sep 2018 06:35:18 GMT" time="155.056" errors="0">
  <testcase name="testValidLogin" time="13.792" classname="scripts.TestValidLogin"/>
  <testcase name="testInValidLogin" time="67.469" classname="scripts.TestInValidLogin"/>
  <testcase name="testProductVersion" time="33.161" classname="scripts.VerifyProductVersion"/>
</testsuite> <!-- Test -->
