<?xml version="1.0" encoding="UTF-8"?>
<testng-results skipped="0" failed="0" ignored="0" total="3" passed="3">
  <reporter-output>
  </reporter-output>
  <suite name="Suite" duration-ms="136759" started-at="2018-04-01T08:51:35Z" finished-at="2018-04-01T08:53:51Z">
    <groups>
    </groups>
    <test name="Test" duration-ms="136759" started-at="2018-04-01T08:51:35Z" finished-at="2018-04-01T08:53:51Z">
      <class name="scripts.TestValidLogin">
        <test-method status="PASS" signature="openApplication()[pri:0, instance:scripts.TestValidLogin@32d992b2]" name="openApplication" is-config="true" duration-ms="15769" started-at="2018-04-01T14:21:35Z" finished-at="2018-04-01T14:21:50Z">
          <reporter-output>
          </reporter-output>
        </test-method> <!-- openApplication -->
        <test-method status="PASS" signature="testValidLogin()[pri:0, instance:scripts.TestValidLogin@32d992b2]" name="testValidLogin" duration-ms="6746" started-at="2018-04-01T14:21:50Z" finished-at="2018-04-01T14:21:57Z">
          <reporter-output>
          </reporter-output>
        </test-method> <!-- testValidLogin -->
        <test-method status="PASS" signature="closeApplication(org.testng.ITestResult)[pri:0, instance:scripts.TestValidLogin@32d992b2]" name="closeApplication" is-config="true" duration-ms="113" started-at="2018-04-01T14:21:57Z" finished-at="2018-04-01T14:21:57Z">
          <params>
            <param index="0">
              <value>
                <![CDATA[[TestResult name=testValidLogin status=SUCCESS method=TestValidLogin.testValidLogin()[pri:0, instance:scripts.TestValidLogin@32d992b2] output={null}]]]>
              </value>
            </param>
          </params>
          <reporter-output>
          </reporter-output>
        </test-method> <!-- closeApplication -->
      </class> <!-- scripts.TestValidLogin -->
      <class name="scripts.VerifyProductVersion">
        <test-method status="PASS" signature="openApplication()[pri:0, instance:scripts.VerifyProductVersion@4439f31e]" name="openApplication" is-config="true" duration-ms="12417" started-at="2018-04-01T14:23:12Z" finished-at="2018-04-01T14:23:24Z">
          <reporter-output>
          </reporter-output>
        </test-method> <!-- openApplication -->
        <test-method status="PASS" signature="testProductVersion()[pri:0, instance:scripts.VerifyProductVersion@4439f31e]" name="testProductVersion" duration-ms="26738" started-at="2018-04-01T14:23:24Z" finished-at="2018-04-01T14:23:51Z">
          <reporter-output>
          </reporter-output>
        </test-method> <!-- testProductVersion -->
        <test-method status="PASS" signature="closeApplication(org.testng.ITestResult)[pri:0, instance:scripts.VerifyProductVersion@4439f31e]" name="closeApplication" is-config="true" duration-ms="253" started-at="2018-04-01T14:23:51Z" finished-at="2018-04-01T14:23:51Z">
          <params>
            <param index="0">
              <value>
                <![CDATA[[TestResult name=testProductVersion status=SUCCESS method=VerifyProductVersion.testProductVersion()[pri:0, instance:scripts.VerifyProductVersion@4439f31e] output={null}]]]>
              </value>
            </param>
          </params>
          <reporter-output>
          </reporter-output>
        </test-method> <!-- closeApplication -->
      </class> <!-- scripts.VerifyProductVersion -->
      <class name="scripts.TestInValidLogin">
        <test-method status="PASS" signature="openApplication()[pri:0, instance:scripts.TestInValidLogin@215be6bb]" name="openApplication" is-config="true" duration-ms="11695" started-at="2018-04-01T14:21:57Z" finished-at="2018-04-01T14:22:09Z">
          <reporter-output>
          </reporter-output>
        </test-method> <!-- openApplication -->
        <test-method status="PASS" signature="testInValidLogin()[pri:0, instance:scripts.TestInValidLogin@215be6bb]" name="testInValidLogin" duration-ms="62735" started-at="2018-04-01T14:22:09Z" finished-at="2018-04-01T14:23:12Z">
          <reporter-output>
          </reporter-output>
        </test-method> <!-- testInValidLogin -->
        <test-method status="PASS" signature="closeApplication(org.testng.ITestResult)[pri:0, instance:scripts.TestInValidLogin@215be6bb]" name="closeApplication" is-config="true" duration-ms="260" started-at="2018-04-01T14:23:12Z" finished-at="2018-04-01T14:23:12Z">
          <params>
            <param index="0">
              <value>
                <![CDATA[[TestResult name=testInValidLogin status=SUCCESS method=TestInValidLogin.testInValidLogin()[pri:0, instance:scripts.TestInValidLogin@215be6bb] output={null}]]]>
              </value>
            </param>
          </params>
          <reporter-output>
          </reporter-output>
        </test-method> <!-- closeApplication -->
      </class> <!-- scripts.TestInValidLogin -->
    </test> <!-- Test -->
  </suite> <!-- Suite -->
</testng-results>
