<?xml version="1.0" encoding="UTF-8"?>
<testng-results skipped="0" failed="0" ignored="0" total="3" passed="3">
  <reporter-output>
  </reporter-output>
  <suite name="Suite" duration-ms="163406" started-at="2018-09-19T07:46:56Z" finished-at="2018-09-19T07:49:39Z">
    <groups>
    </groups>
    <test name="Test" duration-ms="163406" started-at="2018-09-19T07:46:56Z" finished-at="2018-09-19T07:49:39Z">
      <class name="scripts.VerifyProductVersion">
        <test-method status="PASS" signature="openApplication()[pri:0, instance:scripts.VerifyProductVersion@ec756bd]" name="openApplication" is-config="true" duration-ms="13594" started-at="2018-09-19T13:18:56Z" finished-at="2018-09-19T13:19:09Z">
          <reporter-output>
          </reporter-output>
        </test-method> <!-- openApplication -->
        <test-method status="PASS" signature="testProductVersion()[pri:0, instance:scripts.VerifyProductVersion@ec756bd]" name="testProductVersion" duration-ms="29777" started-at="2018-09-19T13:19:09Z" finished-at="2018-09-19T13:19:39Z">
          <reporter-output>
          </reporter-output>
        </test-method> <!-- testProductVersion -->
        <test-method status="PASS" signature="closeApplication()[pri:0, instance:scripts.VerifyProductVersion@ec756bd]" name="closeApplication" is-config="true" duration-ms="286" started-at="2018-09-19T13:19:39Z" finished-at="2018-09-19T13:19:39Z">
          <reporter-output>
          </reporter-output>
        </test-method> <!-- closeApplication -->
      </class> <!-- scripts.VerifyProductVersion -->
      <class name="scripts.TestValidLogin">
        <test-method status="PASS" signature="openApplication()[pri:0, instance:scripts.TestValidLogin@233fe9b6]" name="openApplication" is-config="true" duration-ms="25456" started-at="2018-09-19T13:16:56Z" finished-at="2018-09-19T13:17:21Z">
          <reporter-output>
          </reporter-output>
        </test-method> <!-- openApplication -->
        <test-method status="PASS" signature="testValidLogin()[pri:0, instance:scripts.TestValidLogin@233fe9b6]" name="testValidLogin" duration-ms="14517" started-at="2018-09-19T13:17:21Z" finished-at="2018-09-19T13:17:36Z">
          <reporter-output>
          </reporter-output>
        </test-method> <!-- testValidLogin -->
        <test-method status="PASS" signature="closeApplication()[pri:0, instance:scripts.TestValidLogin@233fe9b6]" name="closeApplication" is-config="true" duration-ms="315" started-at="2018-09-19T13:17:36Z" finished-at="2018-09-19T13:17:36Z">
          <reporter-output>
          </reporter-output>
        </test-method> <!-- closeApplication -->
      </class> <!-- scripts.TestValidLogin -->
      <class name="scripts.TestInValidLogin">
        <test-method status="PASS" signature="openApplication()[pri:0, instance:scripts.TestInValidLogin@358ee631]" name="openApplication" is-config="true" duration-ms="13272" started-at="2018-09-19T13:17:36Z" finished-at="2018-09-19T13:17:49Z">
          <reporter-output>
          </reporter-output>
        </test-method> <!-- openApplication -->
        <test-method status="PASS" signature="testInValidLogin()[pri:0, instance:scripts.TestInValidLogin@358ee631]" name="testInValidLogin" duration-ms="65831" started-at="2018-09-19T13:17:49Z" finished-at="2018-09-19T13:18:55Z">
          <reporter-output>
          </reporter-output>
        </test-method> <!-- testInValidLogin -->
        <test-method status="PASS" signature="closeApplication()[pri:0, instance:scripts.TestInValidLogin@358ee631]" name="closeApplication" is-config="true" duration-ms="335" started-at="2018-09-19T13:18:55Z" finished-at="2018-09-19T13:18:56Z">
          <reporter-output>
          </reporter-output>
        </test-method> <!-- closeApplication -->
      </class> <!-- scripts.TestInValidLogin -->
    </test> <!-- Test -->
  </suite> <!-- Suite -->
</testng-results>
