<?xml version="1.0" encoding="UTF-8"?>
<testng-results skipped="0" failed="0" ignored="0" total="3" passed="3">
  <reporter-output>
  </reporter-output>
  <suite name="Suite" duration-ms="151791" started-at="2018-09-16T07:04:48Z" finished-at="2018-09-16T07:07:20Z">
    <groups>
    </groups>
    <test name="Test" duration-ms="151791" started-at="2018-09-16T07:04:48Z" finished-at="2018-09-16T07:07:20Z">
      <class name="scripts.TestValidLogin">
        <test-method status="PASS" signature="openApplication()[pri:0, instance:scripts.TestValidLogin@366647c2]" name="openApplication" is-config="true" duration-ms="13281" started-at="2018-09-16T12:34:48Z" finished-at="2018-09-16T12:35:01Z">
          <reporter-output>
          </reporter-output>
        </test-method> <!-- openApplication -->
        <test-method status="PASS" signature="testValidLogin()[pri:0, instance:scripts.TestValidLogin@366647c2]" name="testValidLogin" duration-ms="12609" started-at="2018-09-16T12:35:01Z" finished-at="2018-09-16T12:35:14Z">
          <reporter-output>
          </reporter-output>
        </test-method> <!-- testValidLogin -->
        <test-method status="PASS" signature="closeApplication()[pri:0, instance:scripts.TestValidLogin@366647c2]" name="closeApplication" is-config="true" duration-ms="779" started-at="2018-09-16T12:35:14Z" finished-at="2018-09-16T12:35:14Z">
          <reporter-output>
          </reporter-output>
        </test-method> <!-- closeApplication -->
      </class> <!-- scripts.TestValidLogin -->
      <class name="scripts.VerifyProductVersion">
        <test-method status="PASS" signature="openApplication()[pri:0, instance:scripts.VerifyProductVersion@1649b0e6]" name="openApplication" is-config="true" duration-ms="11703" started-at="2018-09-16T12:36:35Z" finished-at="2018-09-16T12:36:47Z">
          <reporter-output>
          </reporter-output>
        </test-method> <!-- openApplication -->
        <test-method status="PASS" signature="testProductVersion()[pri:0, instance:scripts.VerifyProductVersion@1649b0e6]" name="testProductVersion" duration-ms="32616" started-at="2018-09-16T12:36:47Z" finished-at="2018-09-16T12:37:19Z">
          <reporter-output>
          </reporter-output>
        </test-method> <!-- testProductVersion -->
        <test-method status="PASS" signature="closeApplication()[pri:0, instance:scripts.VerifyProductVersion@1649b0e6]" name="closeApplication" is-config="true" duration-ms="319" started-at="2018-09-16T12:37:19Z" finished-at="2018-09-16T12:37:20Z">
          <reporter-output>
          </reporter-output>
        </test-method> <!-- closeApplication -->
      </class> <!-- scripts.VerifyProductVersion -->
      <class name="scripts.TestInValidLogin">
        <test-method status="PASS" signature="openApplication()[pri:0, instance:scripts.TestInValidLogin@6a6afff2]" name="openApplication" is-config="true" duration-ms="12161" started-at="2018-09-16T12:35:14Z" finished-at="2018-09-16T12:35:27Z">
          <reporter-output>
          </reporter-output>
        </test-method> <!-- openApplication -->
        <test-method status="PASS" signature="testInValidLogin()[pri:0, instance:scripts.TestInValidLogin@6a6afff2]" name="testInValidLogin" duration-ms="67841" started-at="2018-09-16T12:35:27Z" finished-at="2018-09-16T12:36:34Z">
          <reporter-output>
          </reporter-output>
        </test-method> <!-- testInValidLogin -->
        <test-method status="PASS" signature="closeApplication()[pri:0, instance:scripts.TestInValidLogin@6a6afff2]" name="closeApplication" is-config="true" duration-ms="454" started-at="2018-09-16T12:36:34Z" finished-at="2018-09-16T12:36:35Z">
          <reporter-output>
          </reporter-output>
        </test-method> <!-- closeApplication -->
      </class> <!-- scripts.TestInValidLogin -->
    </test> <!-- Test -->
  </suite> <!-- Suite -->
</testng-results>
